
ROM used: 43072 (44%)
          43072 (44%) including unused fragments

          11 Average locations per line
          18 Average locations per statement

RAM used: 1622 (49%) at main() level
          1680 (50%) worst case

Stack used: 6 worst case (out of 31 total available)

Lines Stmts  %   Files
----- ----- ---  -----
 1755  1626  68  Maestro_v2.c
  461     0   0  C:\Program Files (x86)\PICC\Devices\18F4685.h
  354    78   3  HDM64GS12.c
  556   167   7  GRAPHICS.c
  201     0   0  imagen.h
  520   537  22  Funciones.h
----- -----
 3847  2408 Total

Page ROM  %  RAM   Vol Diff  Functions:
---- --- --- ---   --- ----  ----------
0     40   0   1             @delay_ms1
0    168   0   1   580  3.2  glcd_init
0    184   0   7   609  5.4  glcd_update
0    188   0   9   466  7.8  glcd_pixel
0     90   0  10   317  4.7  glcd_fillScreen
0     54   0   2   257  2.8  glcd_writeByte
0    286   0   0             @const95
0    250   0   0             @const98
0    318   0  17  1475  8.8  glcd_line
0    194   0   6  1036  5.8  glcd_rect
0     86   0   6             @MULS1616
0     78   0   2             @MUL88
0    440   1  20  1550 11.2  glcd_text57
0   1052   1   0             @const174
0   1052   1   0             @const177
0   1052   1   0             @const180
0     62   0   3   106  2.1  sensores
0    510   1   6  1538  7.9  glcd_imagen
0     34   0   5             @MUL1616
0    182   0  15   603  4.5  displayContrasena
0     32   0   1             @SPRINTF
0     44   0   3             @DIV88
0    222   0   6             @PRINTF_D_330
0    216   0  16   734  4.6  displayTiempo
0    204   0   8   672  5.1  displayMenu
0    230   0  19   737  4.5  displayfloat
0    246   0  11             @MULFF
0     68   0   5             @FTOSD
0    128   0  13             @DIV3232
0    438   1  13             @PRINTF_L32D_330FPFPF
0    976   1   5   875  8.6  LeerFlujoInFlow
0     54   0   2             @ITOF
0    632   1  16             @ADDFF
0    122   0  10             @FLT
0    350   0  14             @DIVFF
0    524   1   9   557  7.5  Leer_Sensor_Presion
0   2218   3   4  4022  4.0  LeeEEPROM
0   2690   3   0  7464  5.0  LimitaValores
0    168   0   1  1489  3.4  VelocidadMotor
0   1796   2   9  7953 10.6  PidePassword
0     36   0   0             @const399
0     40   0   0             @const401
0     42   0   0             @const403
0    318   0   1  2364  6.4  temp1s
0  23104  27   4103572 15.0  MAIN
0     82   0   2             @SITOF
0     60   0   4             @SFTOI
0     36   0   0             @const412
0     38   0   0             @const413
0     46   0   0             @const415
0     36   0   0             @const417
0     44   0   0             @const420
0     48   0   0             @const422
0     40   0   0             @const424
0     44   0   0             @const427
0     40   0   0             @const429
0     38   0   0             @const431
0     40   0   0             @const433
0     44   0   0             @const434
0     36   0   0             @const435
0     42   0   0             @const436
0     42   0   0             @const437
0     50   0   0             @const438
0     50   0   0             @const439
0     46   0   0             @const441
0     48   0   0             @const443
0     52   0   0             @const445
0     44   0   0             @const447
0     48   0   0             @const449
0     48   0   0             @const451
0     48   0   0             @const453
0     40   0   0             @const455
0     34   0   0             @const456
0     34   0   0             @const457
0     44   0   0             @const462
0     40   0   0             @const463
0     40   0   0             @const464
0     40   0   0             @const465
0     36   0   0             @const466
0     40   0   0             @const467
0     42   0   0             @const468
0     40   0   0             @const471
0     38   0   0             @const474
0     42   0   0             @const475

Program metrics:
    Functions               22
    Statements              2408
    Comments                658
    Volume (V)              169927
    Difficilty (D)          138.5
    Effort to implement (E) 23542786
    Time to implement (T)   363 hours, 19 minutes
    Est Delivered Bugs (B)  27
    Cyclomatic Complexity   400
    Maintainability (MI)    85

 Segment     Used  Free
-----------  ----  ----
00000-00002     4  0  
00004-00006     0  4  
00008-0009C   150  0  
0009E-0FFFE  42918  22460  
10000-17FFE     0  32768  



