
ROM used: 19092 (58%)
          19094 (58%) including unused fragments

          4 Average locations per line
          11 Average locations per statement

RAM used: 210 (10%) at main() level
          247 (12%) worst case

Stack used: 7 worst case (out of 31 total available)

Lines Stmts  %   Files
----- ----- ---  -----
 1306  1153  65  CabinaCFLH.c
  451     0   0  C:\Program Files (x86)\PICC\Devices\18F4550.h
 2172   260  15  MATH.h
  172    73   4  LCD420.c
  299   275  16  Funciones.h
----- -----
 4400  1761 Total

Page ROM  %  RAM   Vol Diff  Functions:
---- --- --- ---   --- ----  ----------
0     40   0   1             @delay_ms1
0    826   2  20  1124 10.7  CEIL_FLOOR
0    118   0  10             @FLT
0     56   0   4             @SFTOI
0     54   0   2             @ITOF
0    346   1  14             @DIVFF
0    618   2  16             @ADDFF
0    242   1  11             @MULFF
0     22   0   4    43  2.1  floor
0     36   0   0             @const208
0     38   0   1   134  2.2  lcd_send_nibble
0     66   0   3   287  3.9  lcd_send_byte
0     94   0   2   422  4.7  lcd_init
0     56   0   3   321  5.5  lcd_gotoxy
0     50   0   0             @goto10582
0    102   0   1   439  6.1  lcd_putc
0    158   0   3   715  2.8  mensajes
0     20   0   0             @const327
0     32   0   2             @PSTRINGC_230
0     20   0   0             @const329
0     20   0   0             @const330
0     20   0   0             @const331
0     20   0   0             @const332
0     20   0   0             @const333
0     86   0   5   100  2.1  sensores
0    506   1  21   678  8.2  Leer_Sensor_Presion
0      2   0   0     5  1.0  EliminaRuido
0     50   0   0   209  1.8  ConfigInterrupciones
0    104   0   1   318  1.8  MensajeBienvenida
0     22   0   0             @const346
0     22   0   0             @const347
0     22   0   0             @const348
0     22   0   0             @const349
0    926   2   4  1940  3.0  LeeEEPROM
0   1388   4   1  3325  5.0  LimitaValores
0    428   1   1   718  5.3  cuentaTiempoTrabajoFiltro
0    194   1   1  1256  6.3  temp1s
0   9162  24   4 56648 13.0  MAIN
0     22   0   0             @const362
0     22   0   0             @const363
0     22   0   0             @const364
0     30   0   3             @PSTRINGCN_230
0     40   0   3             @DIV88
0    102   0   2             @PRINTF_U_230
0     22   0   0             @const373
0     22   0   0             @const374
0     22   0   0             @const375
0     22   0   0             @const376
0     22   0   0             @const377
0     22   0   0             @const379
0     20   0   0             @const380
0    178   0   9             @PRINTF_LU_230
0     18   0   0             @const383
0     22   0   0             @const384
0     22   0   0             @const385
0     22   0   0             @const386
0     22   0   0             @const387
0     22   0   0             @const389
0     22   0   0             @const390
0     22   0   0             @const391
0    200   1   6             @PRINTF_D_230
0     20   0   0             @const397
0     20   0   0             @const398
0     20   0   0             @const399
0     20   0   0             @const400
0     20   0   0             @const403
0     20   0   0             @const404
0     20   0   0             @const405
0     22   0   0             @const407
0     22   0   0             @const410
0     22   0   0             @const411
0     18   0   0             @const412
0     18   0   0             @const415
0     18   0   0             @const416
0     22   0   0             @const418
0     22   0   0             @const419
0     22   0   0             @const420
0     22   0   0             @const424
0     22   0   0             @const425
0     22   0   0             @const426
0     22   0   0             @const427
0     22   0   0             @const429
0     22   0   0             @const430
0     22   0   0             @const431
0     22   0   0             @const432
0     22   0   0             @const434
0     22   0   0             @const435
0     22   0   0             @const436
0     22   0   0             @const440
0     22   0   0             @const441
0     22   0   0             @const442
0     22   0   0             @const443
0     22   0   0             @const445
0     20   0   0             @const446
0     22   0   0             @const447
0     18   0   0             @const449
0     18   0   0             @const450
0     22   0   0             @const453
0     22   0   0             @const454
0     64   0   5             @FTOSD
0    122   0  13             @DIV3232
0    390   1  13             @PRINTF_L32D_230FPFPF
0     14   0   0             @const463
0     14   0   0             @const464
0     22   0   0             @const467
0     22   0   0             @const468
0     22   0   0             @const469
0     22   0   0             @const470
0     22   0   0             @const471
0     22   0   0             @const472
0     22   0   0             @const473
0     22   0   0             @const474
0     22   0   0             @const476
0     22   0   0             @const477
0     22   0   0             @const478
0     22   0   0             @const479
0     22   0   0             @const481
0     22   0   0             @const482
0     22   0   0             @const483
0     22   0   0             @const484
0     20   0   0             @const486
0     20   0   0             @const487
0     22   0   0             @const488
0     16   0   0             @const491
0      8   0   0             @const492
0     10   0   0             @const493
0     10   0   0             @const494
0      8   0   0             @const495
0      8   0   0             @const496
0      8   0   0             @const497
0      8   0   0             @const498
0     22   0   0             @const500
0     22   0   0             @const501
0     22   0   0             @const502
0     22   0   0             @const503

Program metrics:
    Functions               18
    Statements              1761
    Comments                731
    Volume (V)              81489
    Difficilty (D)          83.4
    Effort to implement (E) 6792940
    Time to implement (T)   104 hours, 50 minutes
    Est Delivered Bugs (B)  12
    Cyclomatic Complexity   233
    Maintainability (MI)    28

 Segment     Used  Free
-----------  ----  ----
00000-00002     4  0  
00004-00006     2  2  
00008-000A4   158  0  
000A6-07FFE  18928  13674  



