
ROM used: 33138 (34%)
          33138 (34%) including unused fragments

          10 Average locations per line
          18 Average locations per statement

RAM used: 1605 (48%) at main() level
          1663 (50%) worst case

Stack used: 6 worst case (out of 31 total available)

Lines Stmts  %   Files
----- ----- ---  -----
 1406  1150  61  Maestro_v2.c
  461     0   0  ..\..\..\..\..\..\Program Files (x86)\PICC\Devices\18F4685.h
  354    78   4  HDM64GS12.c
  556   167   9  GRAPHICS.c
  201     0   0  imagen.h
  478   489  26  Funciones.h
----- -----
 3456  1884 Total

Page ROM  %  RAM   Vol Diff  Functions:
---- --- --- ---   --- ----  ----------
0     40   0   1             @delay_ms1
0    192   0   1   580  3.2  glcd_init
0    184   0   7   609  5.4  glcd_update
0    188   0   9   466  7.8  glcd_pixel
0     90   0  10   317  4.7  glcd_fillScreen
0     54   0   2   257  2.8  glcd_writeByte
0    286   0   0   426  5.5  @const95
0    250   0   0             @const98
0    318   0  17  1475  8.8  glcd_line
0    194   0   6  1036  5.8  glcd_rect
0     86   0   6             @MULS1616
0     78   0   2             @MUL88
0    440   1  20  1550 11.2  glcd_text57
0   1052   2   0             @const174
0   1052   2   0             @const177
0   1052   2   0    43  2.1  @const180
0     64   0   3   106  2.1  sensores
0    510   1   6  1538  7.9  glcd_imagen
0     34   0   5             @MUL1616
0    182   0  15   603  4.5  displayContrasena
0     32   0   1             @SPRINTF
0     44   0   3  1228  9.9  @DIV88
0    222   0   6   102  2.8  @PRINTF_D_326
0    216   0  16   734  4.6  displayTiempo
0    204   0   8   672  5.1  displayMenu
0    230   0  19   737  4.5  displayfloat
0    246   0  11    44  1.9  @MULFF
0     68   0   5   176  4.3  @FTOSD
0    128   0  13             @DIV3232
0    438   1  13             @PRINTF_L32D_326FPFPF
0     54   0   2    80  3.0  @ITOF
0    632   1  16    80  3.0  @ADDFF
0    122   0  10             @FLT
0    350   1  14             @DIVFF
0    504   1   9   543  7.5  Leer_Sensor_Presion
0   2134   3   4  3834  4.0  LeeEEPROM
0   2580   4   0  7145  5.0  LimitaValores
0     24   0   1   129  3.4  VelocidadMotor
0   1766   3   9  7906 10.1  PidePassword
0     36   0   0    57  1.9  @const395
0     40   0   0    94  1.2  @const397
0     42   0   0    93  2.9  @const399
0    310   0   1  2463  5.9  temp1s
0  15334  23   4 66968 15.0  MAIN
0     82   0   2             @SITOF
0     60   0   4             @SFTOI
0     36   0   0             @const408
0     38   0   0             @const409
0     46   0   0             @const411
0     36   0   0             @const413
0     44   0   0             @const416
0     40   0   0   136  1.8  @const418
0     44   0   0  2311  3.9  @const421
0     40   0   0   115  2.5  @const423
0     40   0   0   357  1.8  @const425
0     36   0   0   357  1.8  @const426
0     42   0   0             @const427
0     42   0   0             @const428
0     50   0   0             @const429
0     50   0   0             @const430
0     48   0   0    48  1.1  @const432
0     40   0   0 52985 12.5  @const434
0     34   0   0 73555 12.5  @const435
0     34   0   0             @const436

Program metrics:
    Functions               40
    Statements              1884
    Comments                767
    Volume (V)              299618
    Difficilty (D)          210.8
    Effort to implement (E) 63172019
    Time to implement (T)   974 hours, 53 minutes
    Est Delivered Bugs (B)  53
    Cyclomatic Complexity   700
    Maintainability (MI)    82

 Segment     Used  Free
-----------  ----  ----
00000-00002     4  0  
00004-00006     0  4  
00008-0009C   150  0  
0009E-0FFFE  32984  32394  
10000-17FFE     0  32768  



