
ROM used: 20380 (62%)
          20380 (62%) including unused fragments

          5 Average locations per line
          13 Average locations per statement

RAM used: 281 (14%) at main() level
          318 (16%) worst case

Stack used: 7 worst case (out of 31 total available)

Lines Stmts  %   Files
----- ----- ---  -----
 1338  1257  79  CabinaCFLH.c
  451     0   0  C:\Program Files (x86)\PICC\Devices\18F4550.h
  172    73   5  LCD420.c
 2172   260  16  MATH.h
----- -----
 4133  1590 Total

Page ROM  %  RAM   Vol Diff  Functions:
---- --- --- ---   --- ----  ----------
0     42   0   1             @delay_ms1
0     30   0   0             @const73
0     44   0   1   134  2.2  lcd_send_nibble
0     78   0   3   287  3.9  lcd_send_byte
0    116   0   2   422  4.7  lcd_init
0     70   0   3   321  5.5  lcd_gotoxy
0     44   0   0             @goto10101
0    118   0   1   439  6.1  lcd_putc
0    880   2  20  1124 10.7  CEIL_FLOOR
0    122   0  10             @FLT
0     60   0   4             @SFTOI
0     54   0   2             @ITOF
0    350   1  14             @DIVFF
0    632   2  16             @ADDFF
0    246   1  11             @MULFF
0     26   0   4    43  2.1  floor
0    108   0   1   756  6.2  temp1s
0    246   1   3   981  2.9  mensajes
0     20   0   0             @const321
0     32   0   2             @PSTRINGC_95
0     20   0   0             @const323
0     20   0   0             @const324
0     20   0   0             @const325
0     20   0   0             @const326
0     20   0   0             @const327
0     20   0   0             @const328
0     20   0   0             @const329
0     48   0   1   318  3.3  velocidades
0     84   0   5   100  2.1  sensores
0    430   1   9   499  7.0  Leer_Sensor_Presion
0    988   2   5   875  8.6  LeerFlujo
0     36   0   0   280  3.2  Limita
0  12328  30   4 56941 13.5  MAIN
0     22   0   0             @const343
0     22   0   0             @const344
0     22   0   0             @const345
0     22   0   0             @const346
0     22   0   0             @const348
0     22   0   0             @const349
0     22   0   0             @const350
0     40   0   3             @PSTRINGCN_95
0     44   0   3             @DIV88
0    222   1   6             @PRINTF_D_95
0     20   0   0             @const359
0     20   0   0             @const360
0     20   0   0             @const361
0     20   0   0             @const362
0     20   0   0             @const364
0     20   0   0             @const365
0     20   0   0             @const366
0     20   0   0             @const367
0     22   0   0             @const371
0     22   0   0             @const374
0     22   0   0             @const375
0     18   0   0             @const376
0    124   0   2             @PRINTF_U_95
0     18   0   0             @const382
0     18   0   0             @const383
0     22   0   0             @const385
0     22   0   0             @const386
0     22   0   0             @const387
0     22   0   0             @const388
0     22   0   0             @const389
0     22   0   0             @const390
0     22   0   0             @const391
0     22   0   0             @const393
0     22   0   0             @const394
0     22   0   0             @const395
0     22   0   0             @const396
0     22   0   0             @const400
0     22   0   0             @const401
0     22   0   0             @const402
0     22   0   0             @const403
0     22   0   0             @const404
0     22   0   0             @const405
0     22   0   0             @const406
0     22   0   0             @const409
0     20   0   0             @const410
0    190   0   9             @PRINTF_LU_95
0     22   0   0             @const413
0     18   0   0             @const415
0     18   0   0             @const416
0     22   0   0             @const419
0     22   0   0             @const420
0     68   0   5             @FTOSD
0    128   0  13             @DIV3232
0    434   1  13             @PRINTF_L32D_95FPFPF
0     14   0   0             @const429
0     14   0   0             @const430
0     22   0   0             @const433
0     22   0   0             @const434
0     22   0   0             @const435
0     22   0   0             @const436
0     22   0   0             @const437
0     22   0   0             @const438
0     22   0   0             @const439
0     22   0   0             @const440
0     20   0   0             @const442
0     22   0   0             @const443
0     14   0   0             @const444
0     14   0   0             @const445
0     22   0   0             @const447
0     22   0   0             @const448
0     22   0   0             @const449
0     22   0   0             @const450
0     22   0   0             @const451
0     22   0   0             @const452
0     22   0   0             @const453
0     22   0   0             @const454
0     16   0   0             @const456
0     24   0   0             @const457
0     22   0   0             @const461
0     22   0   0             @const462
0     22   0   0             @const463
0     22   0   0             @const464
0      8   0   0             @const466
0     10   0   0             @const467
0     10   0   0             @const468
0      8   0   0             @const469
0      8   0   0             @const470
0      8   0   0             @const471
0      8   0   0             @const472

Program metrics:
    Functions               15
    Statements              1590
    Comments                568
    Volume (V)              72180
    Difficilty (D)          80.7
    Effort to implement (E) 5821377
    Time to implement (T)   89 hours, 50 minutes
    Est Delivered Bugs (B)  11
    Cyclomatic Complexity   217
    Maintainability (MI)    43

 Segment     Used  Free
-----------  ----  ----
00000-00002     4  0  
00004-00006     0  4  
00008-00094   142  0  
00096-07FFE  20234  12384  



